0 info it worked if it ends with ok
1 verbose cli [ '/Users/Samantha/.nvm/versions/node/v6.9.5/bin/node',
1 verbose cli   '/Users/Samantha/.nvm/versions/node/v6.9.5/bin/npm',
1 verbose cli   'install',
1 verbose cli   'pigpio',
1 verbose cli   '--save' ]
2 info using npm@4.1.2
3 info using node@v6.9.5
4 silly loadCurrentTree Starting
5 silly install loadCurrentTree
6 silly install readLocalPackageData
7 silly fetchPackageMetaData pigpio
8 silly fetchNamedPackageData pigpio
9 silly mapToRegistry name pigpio
10 silly mapToRegistry using default registry
11 silly mapToRegistry registry https://registry.npmjs.org/
12 silly mapToRegistry data Result {
12 silly mapToRegistry   raw: 'pigpio',
12 silly mapToRegistry   scope: null,
12 silly mapToRegistry   escapedName: 'pigpio',
12 silly mapToRegistry   name: 'pigpio',
12 silly mapToRegistry   rawSpec: '',
12 silly mapToRegistry   spec: 'latest',
12 silly mapToRegistry   type: 'tag' }
13 silly mapToRegistry uri https://registry.npmjs.org/pigpio
14 verbose request uri https://registry.npmjs.org/pigpio
15 verbose request no auth needed
16 info attempt registry request try #1 at 2:48:53 AM
17 verbose request id 8e9997dda256a4f4
18 verbose etag W/"584917e1-7f66"
19 verbose lastModified Thu, 08 Dec 2016 08:20:49 GMT
20 http request GET https://registry.npmjs.org/pigpio
21 http 304 https://registry.npmjs.org/pigpio
22 verbose headers { date: 'Sat, 11 Feb 2017 07:48:53 GMT',
22 verbose headers   via: '1.1 varnish',
22 verbose headers   'cache-control': 'max-age=300',
22 verbose headers   etag: 'W/"584917e1-7f66"',
22 verbose headers   age: '0',
22 verbose headers   connection: 'keep-alive',
22 verbose headers   'x-served-by': 'cache-yyz8327-YYZ',
22 verbose headers   'x-cache': 'MISS',
22 verbose headers   'x-cache-hits': '0',
22 verbose headers   'x-timer': 'S1486799333.168830,VS0,VE314',
22 verbose headers   vary: 'Accept-Encoding' }
23 silly get cb [ 304,
23 silly get   { date: 'Sat, 11 Feb 2017 07:48:53 GMT',
23 silly get     via: '1.1 varnish',
23 silly get     'cache-control': 'max-age=300',
23 silly get     etag: 'W/"584917e1-7f66"',
23 silly get     age: '0',
23 silly get     connection: 'keep-alive',
23 silly get     'x-served-by': 'cache-yyz8327-YYZ',
23 silly get     'x-cache': 'MISS',
23 silly get     'x-cache-hits': '0',
23 silly get     'x-timer': 'S1486799333.168830,VS0,VE314',
23 silly get     vary: 'Accept-Encoding' } ]
24 verbose etag https://registry.npmjs.org/pigpio from cache
25 verbose get saving pigpio to /Users/Samantha/.npm/registry.npmjs.org/pigpio/.cache.json
26 verbose correctMkdir /Users/Samantha/.npm correctMkdir not in flight; initializing
27 silly install normalizeTree
28 silly loadCurrentTree Finishing
29 silly loadIdealTree Starting
30 silly install loadIdealTree
31 silly cloneCurrentTree Starting
32 silly install cloneCurrentTreeToIdealTree
33 silly cloneCurrentTree Finishing
34 silly loadShrinkwrap Starting
35 silly install loadShrinkwrap
36 silly loadShrinkwrap Finishing
37 silly loadAllDepsIntoIdealTree Starting
38 silly install loadAllDepsIntoIdealTree
39 silly resolveWithNewModule pigpio@0.4.0 checking installable status
40 silly cache add args [ 'pigpio', null ]
41 verbose cache add spec pigpio
42 silly cache add parsed spec Result {
42 silly cache add   raw: 'pigpio',
42 silly cache add   scope: null,
42 silly cache add   escapedName: 'pigpio',
42 silly cache add   name: 'pigpio',
42 silly cache add   rawSpec: '',
42 silly cache add   spec: 'latest',
42 silly cache add   type: 'tag' }
43 silly addNamed pigpio@latest
44 verbose addNamed "latest" is being treated as a dist-tag for pigpio
45 info addNameTag [ 'pigpio', 'latest' ]
46 silly mapToRegistry name pigpio
47 silly mapToRegistry using default registry
48 silly mapToRegistry registry https://registry.npmjs.org/
49 silly mapToRegistry data Result {
49 silly mapToRegistry   raw: 'pigpio',
49 silly mapToRegistry   scope: null,
49 silly mapToRegistry   escapedName: 'pigpio',
49 silly mapToRegistry   name: 'pigpio',
49 silly mapToRegistry   rawSpec: '',
49 silly mapToRegistry   spec: 'latest',
49 silly mapToRegistry   type: 'tag' }
50 silly mapToRegistry uri https://registry.npmjs.org/pigpio
51 verbose addNameTag registry:https://registry.npmjs.org/pigpio not in flight; fetching
52 verbose get https://registry.npmjs.org/pigpio not expired, no request
53 silly addNameTag next cb for pigpio with tag latest
54 silly addNamed pigpio@0.4.0
55 verbose addNamed "0.4.0" is a plain semver version for pigpio
56 silly cache afterAdd pigpio@0.4.0
57 verbose afterAdd /Users/Samantha/.npm/pigpio/0.4.0/package/package.json not in flight; writing
58 verbose correctMkdir /Users/Samantha/.npm correctMkdir not in flight; initializing
59 verbose afterAdd /Users/Samantha/.npm/pigpio/0.4.0/package/package.json written
60 silly fetchNamedPackageData bindings
61 silly mapToRegistry name bindings
62 silly mapToRegistry using default registry
63 silly mapToRegistry registry https://registry.npmjs.org/
64 silly mapToRegistry data Result {
64 silly mapToRegistry   raw: 'bindings',
64 silly mapToRegistry   scope: null,
64 silly mapToRegistry   escapedName: 'bindings',
64 silly mapToRegistry   name: 'bindings',
64 silly mapToRegistry   rawSpec: '',
64 silly mapToRegistry   spec: 'latest',
64 silly mapToRegistry   type: 'tag' }
65 silly mapToRegistry uri https://registry.npmjs.org/bindings
66 silly fetchNamedPackageData nan
67 silly mapToRegistry name nan
68 silly mapToRegistry using default registry
69 silly mapToRegistry registry https://registry.npmjs.org/
70 silly mapToRegistry data Result {
70 silly mapToRegistry   raw: 'nan',
70 silly mapToRegistry   scope: null,
70 silly mapToRegistry   escapedName: 'nan',
70 silly mapToRegistry   name: 'nan',
70 silly mapToRegistry   rawSpec: '',
70 silly mapToRegistry   spec: 'latest',
70 silly mapToRegistry   type: 'tag' }
71 silly mapToRegistry uri https://registry.npmjs.org/nan
72 verbose request uri https://registry.npmjs.org/bindings
73 verbose request no auth needed
74 info attempt registry request try #1 at 2:48:53 AM
75 verbose etag W/"580645d3-46f7"
76 verbose lastModified Tue, 18 Oct 2016 15:54:59 GMT
77 http request GET https://registry.npmjs.org/bindings
78 verbose request uri https://registry.npmjs.org/nan
79 verbose request no auth needed
80 info attempt registry request try #1 at 2:48:53 AM
81 verbose etag W/"588531dd-1df56"
82 verbose lastModified Sun, 22 Jan 2017 22:27:41 GMT
83 http request GET https://registry.npmjs.org/nan
84 http 304 https://registry.npmjs.org/bindings
85 verbose headers { date: 'Sat, 11 Feb 2017 07:48:53 GMT',
85 verbose headers   via: '1.1 varnish',
85 verbose headers   'cache-control': 'max-age=300',
85 verbose headers   etag: 'W/"580645d3-46f7"',
85 verbose headers   age: '0',
85 verbose headers   connection: 'keep-alive',
85 verbose headers   'x-served-by': 'cache-yyz8327-YYZ',
85 verbose headers   'x-cache': 'HIT',
85 verbose headers   'x-cache-hits': '1',
85 verbose headers   'x-timer': 'S1486799333.804773,VS0,VE310',
85 verbose headers   vary: 'Accept-Encoding' }
86 silly get cb [ 304,
86 silly get   { date: 'Sat, 11 Feb 2017 07:48:53 GMT',
86 silly get     via: '1.1 varnish',
86 silly get     'cache-control': 'max-age=300',
86 silly get     etag: 'W/"580645d3-46f7"',
86 silly get     age: '0',
86 silly get     connection: 'keep-alive',
86 silly get     'x-served-by': 'cache-yyz8327-YYZ',
86 silly get     'x-cache': 'HIT',
86 silly get     'x-cache-hits': '1',
86 silly get     'x-timer': 'S1486799333.804773,VS0,VE310',
86 silly get     vary: 'Accept-Encoding' } ]
87 verbose etag https://registry.npmjs.org/bindings from cache
88 verbose get saving bindings to /Users/Samantha/.npm/registry.npmjs.org/bindings/.cache.json
89 verbose correctMkdir /Users/Samantha/.npm correctMkdir not in flight; initializing
90 silly pickManifestFromRegistryMetadata spec >=1.2.1 <1.3.0 tag latest versions [ '0.0.1',
90 silly pickManifestFromRegistryMetadata   '0.1.0',
90 silly pickManifestFromRegistryMetadata   '0.1.1',
90 silly pickManifestFromRegistryMetadata   '0.2.0',
90 silly pickManifestFromRegistryMetadata   '0.2.1',
90 silly pickManifestFromRegistryMetadata   '0.2.2',
90 silly pickManifestFromRegistryMetadata   '0.2.3',
90 silly pickManifestFromRegistryMetadata   '0.2.4',
90 silly pickManifestFromRegistryMetadata   '0.3.0',
90 silly pickManifestFromRegistryMetadata   '0.4.0',
90 silly pickManifestFromRegistryMetadata   '1.0.0',
90 silly pickManifestFromRegistryMetadata   '1.1.0',
90 silly pickManifestFromRegistryMetadata   '1.1.1',
90 silly pickManifestFromRegistryMetadata   '1.2.0',
90 silly pickManifestFromRegistryMetadata   '1.2.1' ]
91 silly resolveWithNewModule bindings@1.2.1 checking installable status
92 silly cache add args [ 'bindings@~1.2.1', null ]
93 verbose cache add spec bindings@~1.2.1
94 silly cache add parsed spec Result {
94 silly cache add   raw: 'bindings@~1.2.1',
94 silly cache add   scope: null,
94 silly cache add   escapedName: 'bindings',
94 silly cache add   name: 'bindings',
94 silly cache add   rawSpec: '~1.2.1',
94 silly cache add   spec: '>=1.2.1 <1.3.0',
94 silly cache add   type: 'range' }
95 silly addNamed bindings@>=1.2.1 <1.3.0
96 verbose addNamed ">=1.2.1 <1.3.0" is a valid semver range for bindings
97 silly addNameRange { name: 'bindings', range: '>=1.2.1 <1.3.0', hasData: false }
98 silly mapToRegistry name bindings
99 silly mapToRegistry using default registry
100 silly mapToRegistry registry https://registry.npmjs.org/
101 silly mapToRegistry data Result {
101 silly mapToRegistry   raw: 'bindings',
101 silly mapToRegistry   scope: null,
101 silly mapToRegistry   escapedName: 'bindings',
101 silly mapToRegistry   name: 'bindings',
101 silly mapToRegistry   rawSpec: '',
101 silly mapToRegistry   spec: 'latest',
101 silly mapToRegistry   type: 'tag' }
102 silly mapToRegistry uri https://registry.npmjs.org/bindings
103 verbose addNameRange registry:https://registry.npmjs.org/bindings not in flight; fetching
104 verbose get https://registry.npmjs.org/bindings not expired, no request
105 silly addNameRange number 2 { name: 'bindings', range: '>=1.2.1 <1.3.0', hasData: true }
106 silly addNameRange versions [ 'bindings',
106 silly addNameRange   [ '0.0.1',
106 silly addNameRange     '0.1.0',
106 silly addNameRange     '0.1.1',
106 silly addNameRange     '0.2.0',
106 silly addNameRange     '0.2.1',
106 silly addNameRange     '0.2.2',
106 silly addNameRange     '0.2.3',
106 silly addNameRange     '0.2.4',
106 silly addNameRange     '0.3.0',
106 silly addNameRange     '0.4.0',
106 silly addNameRange     '1.0.0',
106 silly addNameRange     '1.1.0',
106 silly addNameRange     '1.1.1',
106 silly addNameRange     '1.2.0',
106 silly addNameRange     '1.2.1' ] ]
107 silly pickManifestFromRegistryMetadata spec >=1.2.1 <1.3.0 tag latest versions [ '0.0.1',
107 silly pickManifestFromRegistryMetadata   '0.1.0',
107 silly pickManifestFromRegistryMetadata   '0.1.1',
107 silly pickManifestFromRegistryMetadata   '0.2.0',
107 silly pickManifestFromRegistryMetadata   '0.2.1',
107 silly pickManifestFromRegistryMetadata   '0.2.2',
107 silly pickManifestFromRegistryMetadata   '0.2.3',
107 silly pickManifestFromRegistryMetadata   '0.2.4',
107 silly pickManifestFromRegistryMetadata   '0.3.0',
107 silly pickManifestFromRegistryMetadata   '0.4.0',
107 silly pickManifestFromRegistryMetadata   '1.0.0',
107 silly pickManifestFromRegistryMetadata   '1.1.0',
107 silly pickManifestFromRegistryMetadata   '1.1.1',
107 silly pickManifestFromRegistryMetadata   '1.2.0',
107 silly pickManifestFromRegistryMetadata   '1.2.1' ]
108 silly addNamed bindings@latest
109 verbose addNamed "latest" is being treated as a dist-tag for bindings
110 info addNameTag [ 'bindings', 'latest' ]
111 silly mapToRegistry name bindings
112 silly mapToRegistry using default registry
113 silly mapToRegistry registry https://registry.npmjs.org/
114 silly mapToRegistry data Result {
114 silly mapToRegistry   raw: 'bindings',
114 silly mapToRegistry   scope: null,
114 silly mapToRegistry   escapedName: 'bindings',
114 silly mapToRegistry   name: 'bindings',
114 silly mapToRegistry   rawSpec: '',
114 silly mapToRegistry   spec: 'latest',
114 silly mapToRegistry   type: 'tag' }
115 silly mapToRegistry uri https://registry.npmjs.org/bindings
116 verbose addNameTag registry:https://registry.npmjs.org/bindings already in flight; waiting
117 silly addNameTag next cb for bindings with tag latest
118 silly addNamed bindings@1.2.1
119 verbose addNamed "1.2.1" is a plain semver version for bindings
120 silly cache afterAdd bindings@1.2.1
121 verbose afterAdd /Users/Samantha/.npm/bindings/1.2.1/package/package.json not in flight; writing
122 verbose correctMkdir /Users/Samantha/.npm correctMkdir not in flight; initializing
123 verbose afterAdd /Users/Samantha/.npm/bindings/1.2.1/package/package.json written
124 http 304 https://registry.npmjs.org/nan
125 verbose headers { date: 'Sat, 11 Feb 2017 07:48:53 GMT',
125 verbose headers   via: '1.1 varnish',
125 verbose headers   'cache-control': 'max-age=300',
125 verbose headers   etag: 'W/"588531dd-1df56"',
125 verbose headers   age: '0',
125 verbose headers   connection: 'keep-alive',
125 verbose headers   'x-served-by': 'cache-yyz8333-YYZ',
125 verbose headers   'x-cache': 'HIT',
125 verbose headers   'x-cache-hits': '1',
125 verbose headers   'x-timer': 'S1486799333.888896,VS0,VE310',
125 verbose headers   vary: 'Accept-Encoding' }
126 silly get cb [ 304,
126 silly get   { date: 'Sat, 11 Feb 2017 07:48:53 GMT',
126 silly get     via: '1.1 varnish',
126 silly get     'cache-control': 'max-age=300',
126 silly get     etag: 'W/"588531dd-1df56"',
126 silly get     age: '0',
126 silly get     connection: 'keep-alive',
126 silly get     'x-served-by': 'cache-yyz8333-YYZ',
126 silly get     'x-cache': 'HIT',
126 silly get     'x-cache-hits': '1',
126 silly get     'x-timer': 'S1486799333.888896,VS0,VE310',
126 silly get     vary: 'Accept-Encoding' } ]
127 verbose etag https://registry.npmjs.org/nan from cache
128 verbose get saving nan to /Users/Samantha/.npm/registry.npmjs.org/nan/.cache.json
129 verbose correctMkdir /Users/Samantha/.npm correctMkdir not in flight; initializing
130 silly pickManifestFromRegistryMetadata spec >=2.4.0 <2.5.0 tag latest versions [ '0.3.0-wip',
130 silly pickManifestFromRegistryMetadata   '0.3.0-wip2',
130 silly pickManifestFromRegistryMetadata   '0.3.0',
130 silly pickManifestFromRegistryMetadata   '0.3.1',
130 silly pickManifestFromRegistryMetadata   '0.3.2',
130 silly pickManifestFromRegistryMetadata   '0.4.0',
130 silly pickManifestFromRegistryMetadata   '0.4.1',
130 silly pickManifestFromRegistryMetadata   '0.4.2',
130 silly pickManifestFromRegistryMetadata   '0.4.3',
130 silly pickManifestFromRegistryMetadata   '0.4.4',
130 silly pickManifestFromRegistryMetadata   '0.5.0',
130 silly pickManifestFromRegistryMetadata   '0.5.1',
130 silly pickManifestFromRegistryMetadata   '0.5.2',
130 silly pickManifestFromRegistryMetadata   '0.6.0',
130 silly pickManifestFromRegistryMetadata   '0.7.0',
130 silly pickManifestFromRegistryMetadata   '0.7.1',
130 silly pickManifestFromRegistryMetadata   '0.8.0',
130 silly pickManifestFromRegistryMetadata   '1.0.0',
130 silly pickManifestFromRegistryMetadata   '1.1.0',
130 silly pickManifestFromRegistryMetadata   '1.1.1',
130 silly pickManifestFromRegistryMetadata   '1.1.2',
130 silly pickManifestFromRegistryMetadata   '1.2.0',
130 silly pickManifestFromRegistryMetadata   '1.3.0',
130 silly pickManifestFromRegistryMetadata   '1.4.0',
130 silly pickManifestFromRegistryMetadata   '1.4.1',
130 silly pickManifestFromRegistryMetadata   '1.5.0',
130 silly pickManifestFromRegistryMetadata   '1.4.2',
130 silly pickManifestFromRegistryMetadata   '1.4.3',
130 silly pickManifestFromRegistryMetadata   '1.5.1',
130 silly pickManifestFromRegistryMetadata   '1.5.2',
130 silly pickManifestFromRegistryMetadata   '1.6.0',
130 silly pickManifestFromRegistryMetadata   '1.5.3',
130 silly pickManifestFromRegistryMetadata   '1.6.1',
130 silly pickManifestFromRegistryMetadata   '1.6.2',
130 silly pickManifestFromRegistryMetadata   '1.7.0',
130 silly pickManifestFromRegistryMetadata   '1.8.0',
130 silly pickManifestFromRegistryMetadata   '1.8.1',
130 silly pickManifestFromRegistryMetadata   '1.8.2',
130 silly pickManifestFromRegistryMetadata   '1.8.3',
130 silly pickManifestFromRegistryMetadata   '1.8.4',
130 silly pickManifestFromRegistryMetadata   '1.9.0',
130 silly pickManifestFromRegistryMetadata   '2.0.0',
130 silly pickManifestFromRegistryMetadata   '2.0.1',
130 silly pickManifestFromRegistryMetadata   '2.0.2',
130 silly pickManifestFromRegistryMetadata   '2.0.3',
130 silly pickManifestFromRegistryMetadata   '2.0.4',
130 silly pickManifestFromRegistryMetadata   '2.0.5',
130 silly pickManifestFromRegistryMetadata   '2.0.6',
130 silly pickManifestFromRegistryMetadata   '2.0.7',
130 silly pickManifestFromRegistryMetadata   '2.0.8',
130 silly pickManifestFromRegistryMetadata   '2.0.9',
130 silly pickManifestFromRegistryMetadata   '2.1.0',
130 silly pickManifestFromRegistryMetadata   '2.2.0',
130 silly pickManifestFromRegistryMetadata   '2.2.1',
130 silly pickManifestFromRegistryMetadata   '2.3.0',
130 silly pickManifestFromRegistryMetadata   '2.3.1',
130 silly pickManifestFromRegistryMetadata   '2.3.2',
130 silly pickManifestFromRegistryMetadata   '2.3.3',
130 silly pickManifestFromRegistryMetadata   '2.3.4',
130 silly pickManifestFromRegistryMetadata   '2.3.5',
130 silly pickManifestFromRegistryMetadata   '2.4.0',
130 silly pickManifestFromRegistryMetadata   '2.5.0',
130 silly pickManifestFromRegistryMetadata   '2.5.1' ]
131 silly resolveWithNewModule nan@2.4.0 checking installable status
132 silly cache add args [ 'nan@~2.4.0', null ]
133 verbose cache add spec nan@~2.4.0
134 silly cache add parsed spec Result {
134 silly cache add   raw: 'nan@~2.4.0',
134 silly cache add   scope: null,
134 silly cache add   escapedName: 'nan',
134 silly cache add   name: 'nan',
134 silly cache add   rawSpec: '~2.4.0',
134 silly cache add   spec: '>=2.4.0 <2.5.0',
134 silly cache add   type: 'range' }
135 silly addNamed nan@>=2.4.0 <2.5.0
136 verbose addNamed ">=2.4.0 <2.5.0" is a valid semver range for nan
137 silly addNameRange { name: 'nan', range: '>=2.4.0 <2.5.0', hasData: false }
138 silly mapToRegistry name nan
139 silly mapToRegistry using default registry
140 silly mapToRegistry registry https://registry.npmjs.org/
141 silly mapToRegistry data Result {
141 silly mapToRegistry   raw: 'nan',
141 silly mapToRegistry   scope: null,
141 silly mapToRegistry   escapedName: 'nan',
141 silly mapToRegistry   name: 'nan',
141 silly mapToRegistry   rawSpec: '',
141 silly mapToRegistry   spec: 'latest',
141 silly mapToRegistry   type: 'tag' }
142 silly mapToRegistry uri https://registry.npmjs.org/nan
143 verbose addNameRange registry:https://registry.npmjs.org/nan not in flight; fetching
144 verbose get https://registry.npmjs.org/nan not expired, no request
145 silly addNameRange number 2 { name: 'nan', range: '>=2.4.0 <2.5.0', hasData: true }
146 silly addNameRange versions [ 'nan',
146 silly addNameRange   [ '0.3.0-wip',
146 silly addNameRange     '0.3.0-wip2',
146 silly addNameRange     '0.3.0',
146 silly addNameRange     '0.3.1',
146 silly addNameRange     '0.3.2',
146 silly addNameRange     '0.4.0',
146 silly addNameRange     '0.4.1',
146 silly addNameRange     '0.4.2',
146 silly addNameRange     '0.4.3',
146 silly addNameRange     '0.4.4',
146 silly addNameRange     '0.5.0',
146 silly addNameRange     '0.5.1',
146 silly addNameRange     '0.5.2',
146 silly addNameRange     '0.6.0',
146 silly addNameRange     '0.7.0',
146 silly addNameRange     '0.7.1',
146 silly addNameRange     '0.8.0',
146 silly addNameRange     '1.0.0',
146 silly addNameRange     '1.1.0',
146 silly addNameRange     '1.1.1',
146 silly addNameRange     '1.1.2',
146 silly addNameRange     '1.2.0',
146 silly addNameRange     '1.3.0',
146 silly addNameRange     '1.4.0',
146 silly addNameRange     '1.4.1',
146 silly addNameRange     '1.5.0',
146 silly addNameRange     '1.4.2',
146 silly addNameRange     '1.4.3',
146 silly addNameRange     '1.5.1',
146 silly addNameRange     '1.5.2',
146 silly addNameRange     '1.6.0',
146 silly addNameRange     '1.5.3',
146 silly addNameRange     '1.6.1',
146 silly addNameRange     '1.6.2',
146 silly addNameRange     '1.7.0',
146 silly addNameRange     '1.8.0',
146 silly addNameRange     '1.8.1',
146 silly addNameRange     '1.8.2',
146 silly addNameRange     '1.8.3',
146 silly addNameRange     '1.8.4',
146 silly addNameRange     '1.9.0',
146 silly addNameRange     '2.0.0',
146 silly addNameRange     '2.0.1',
146 silly addNameRange     '2.0.2',
146 silly addNameRange     '2.0.3',
146 silly addNameRange     '2.0.4',
146 silly addNameRange     '2.0.5',
146 silly addNameRange     '2.0.6',
146 silly addNameRange     '2.0.7',
146 silly addNameRange     '2.0.8',
146 silly addNameRange     '2.0.9',
146 silly addNameRange     '2.1.0',
146 silly addNameRange     '2.2.0',
146 silly addNameRange     '2.2.1',
146 silly addNameRange     '2.3.0',
146 silly addNameRange     '2.3.1',
146 silly addNameRange     '2.3.2',
146 silly addNameRange     '2.3.3',
146 silly addNameRange     '2.3.4',
146 silly addNameRange     '2.3.5',
146 silly addNameRange     '2.4.0',
146 silly addNameRange     '2.5.0',
146 silly addNameRange     '2.5.1' ] ]
147 silly pickManifestFromRegistryMetadata spec >=2.4.0 <2.5.0 tag latest versions [ '0.3.0-wip',
147 silly pickManifestFromRegistryMetadata   '0.3.0-wip2',
147 silly pickManifestFromRegistryMetadata   '0.3.0',
147 silly pickManifestFromRegistryMetadata   '0.3.1',
147 silly pickManifestFromRegistryMetadata   '0.3.2',
147 silly pickManifestFromRegistryMetadata   '0.4.0',
147 silly pickManifestFromRegistryMetadata   '0.4.1',
147 silly pickManifestFromRegistryMetadata   '0.4.2',
147 silly pickManifestFromRegistryMetadata   '0.4.3',
147 silly pickManifestFromRegistryMetadata   '0.4.4',
147 silly pickManifestFromRegistryMetadata   '0.5.0',
147 silly pickManifestFromRegistryMetadata   '0.5.1',
147 silly pickManifestFromRegistryMetadata   '0.5.2',
147 silly pickManifestFromRegistryMetadata   '0.6.0',
147 silly pickManifestFromRegistryMetadata   '0.7.0',
147 silly pickManifestFromRegistryMetadata   '0.7.1',
147 silly pickManifestFromRegistryMetadata   '0.8.0',
147 silly pickManifestFromRegistryMetadata   '1.0.0',
147 silly pickManifestFromRegistryMetadata   '1.1.0',
147 silly pickManifestFromRegistryMetadata   '1.1.1',
147 silly pickManifestFromRegistryMetadata   '1.1.2',
147 silly pickManifestFromRegistryMetadata   '1.2.0',
147 silly pickManifestFromRegistryMetadata   '1.3.0',
147 silly pickManifestFromRegistryMetadata   '1.4.0',
147 silly pickManifestFromRegistryMetadata   '1.4.1',
147 silly pickManifestFromRegistryMetadata   '1.5.0',
147 silly pickManifestFromRegistryMetadata   '1.4.2',
147 silly pickManifestFromRegistryMetadata   '1.4.3',
147 silly pickManifestFromRegistryMetadata   '1.5.1',
147 silly pickManifestFromRegistryMetadata   '1.5.2',
147 silly pickManifestFromRegistryMetadata   '1.6.0',
147 silly pickManifestFromRegistryMetadata   '1.5.3',
147 silly pickManifestFromRegistryMetadata   '1.6.1',
147 silly pickManifestFromRegistryMetadata   '1.6.2',
147 silly pickManifestFromRegistryMetadata   '1.7.0',
147 silly pickManifestFromRegistryMetadata   '1.8.0',
147 silly pickManifestFromRegistryMetadata   '1.8.1',
147 silly pickManifestFromRegistryMetadata   '1.8.2',
147 silly pickManifestFromRegistryMetadata   '1.8.3',
147 silly pickManifestFromRegistryMetadata   '1.8.4',
147 silly pickManifestFromRegistryMetadata   '1.9.0',
147 silly pickManifestFromRegistryMetadata   '2.0.0',
147 silly pickManifestFromRegistryMetadata   '2.0.1',
147 silly pickManifestFromRegistryMetadata   '2.0.2',
147 silly pickManifestFromRegistryMetadata   '2.0.3',
147 silly pickManifestFromRegistryMetadata   '2.0.4',
147 silly pickManifestFromRegistryMetadata   '2.0.5',
147 silly pickManifestFromRegistryMetadata   '2.0.6',
147 silly pickManifestFromRegistryMetadata   '2.0.7',
147 silly pickManifestFromRegistryMetadata   '2.0.8',
147 silly pickManifestFromRegistryMetadata   '2.0.9',
147 silly pickManifestFromRegistryMetadata   '2.1.0',
147 silly pickManifestFromRegistryMetadata   '2.2.0',
147 silly pickManifestFromRegistryMetadata   '2.2.1',
147 silly pickManifestFromRegistryMetadata   '2.3.0',
147 silly pickManifestFromRegistryMetadata   '2.3.1',
147 silly pickManifestFromRegistryMetadata   '2.3.2',
147 silly pickManifestFromRegistryMetadata   '2.3.3',
147 silly pickManifestFromRegistryMetadata   '2.3.4',
147 silly pickManifestFromRegistryMetadata   '2.3.5',
147 silly pickManifestFromRegistryMetadata   '2.4.0',
147 silly pickManifestFromRegistryMetadata   '2.5.0',
147 silly pickManifestFromRegistryMetadata   '2.5.1' ]
148 silly addNamed nan@2.4.0
149 verbose addNamed "2.4.0" is a plain semver version for nan
150 silly cache afterAdd nan@2.4.0
151 verbose afterAdd /Users/Samantha/.npm/nan/2.4.0/package/package.json not in flight; writing
152 verbose correctMkdir /Users/Samantha/.npm correctMkdir not in flight; initializing
153 verbose afterAdd /Users/Samantha/.npm/nan/2.4.0/package/package.json written
154 silly loadAllDepsIntoIdealTree Finishing
155 silly loadIdealTree Finishing
156 silly currentTree sojourner@2.1.0
156 silly currentTree ├── accepts@1.3.3
156 silly currentTree ├── after@0.8.2
156 silly currentTree ├── angular@1.6.2
156 silly currentTree ├── array-flatten@1.1.1
156 silly currentTree ├── arraybuffer.slice@0.0.6
156 silly currentTree ├── async@0.9.2
156 silly currentTree ├── backo2@1.0.2
156 silly currentTree ├── base64-arraybuffer@0.1.5
156 silly currentTree ├── base64id@1.0.0
156 silly currentTree ├── better-assert@1.0.2
156 silly currentTree ├── blob@0.0.4
156 silly currentTree ├── bootstrap@3.3.7
156 silly currentTree ├── callsite@1.0.0
156 silly currentTree ├── chart.js@2.5.0
156 silly currentTree ├── chartjs-color-string@0.4.0
156 silly currentTree ├── chartjs-color@2.0.0
156 silly currentTree ├── color-convert@0.5.3
156 silly currentTree ├── color-name@1.1.1
156 silly currentTree ├── component-bind@1.0.0
156 silly currentTree ├── component-emitter@1.1.2
156 silly currentTree ├── component-inherit@0.0.3
156 silly currentTree ├── connect@3.5.0
156 silly currentTree ├── content-disposition@0.5.2
156 silly currentTree ├── content-type@1.0.2
156 silly currentTree ├── cookie-signature@1.0.6
156 silly currentTree ├── cookie@0.3.1
156 silly currentTree ├── debug@2.2.0
156 silly currentTree ├── depd@1.1.0
156 silly currentTree ├── destroy@1.0.4
156 silly currentTree ├── ee-first@1.1.1
156 silly currentTree ├── encodeurl@1.0.1
156 silly currentTree ├─┬ engine.io-client@1.8.2
156 silly currentTree │ ├── component-emitter@1.2.1
156 silly currentTree │ ├── debug@2.3.3
156 silly currentTree │ └── ms@0.7.2
156 silly currentTree ├── engine.io-parser@1.3.2
156 silly currentTree ├─┬ engine.io@1.8.2
156 silly currentTree │ ├── debug@2.3.3
156 silly currentTree │ └── ms@0.7.2
156 silly currentTree ├── escape-html@1.0.3
156 silly currentTree ├── etag@1.7.0
156 silly currentTree ├─┬ express@4.14.1
156 silly currentTree │ └── finalhandler@0.5.1
156 silly currentTree ├── finalhandler@0.5.0
156 silly currentTree ├── forwarded@0.1.0
156 silly currentTree ├── fresh@0.3.0
156 silly currentTree ├── has-binary@0.1.7
156 silly currentTree ├── has-cors@1.1.0
156 silly currentTree ├── http-errors@1.5.1
156 silly currentTree ├── indexof@0.0.1
156 silly currentTree ├── inherits@2.0.3
156 silly currentTree ├── ipaddr.js@1.2.0
156 silly currentTree ├── isarray@0.0.1
156 silly currentTree ├── jquery@1.12.4
156 silly currentTree ├── json3@3.3.2
156 silly currentTree ├── key-emit@0.0.4
156 silly currentTree ├── keypress@0.2.1
156 silly currentTree ├── media-typer@0.3.0
156 silly currentTree ├── merge-descriptors@1.0.1
156 silly currentTree ├── methods@1.1.2
156 silly currentTree ├── mime-db@1.26.0
156 silly currentTree ├── mime-types@2.1.14
156 silly currentTree ├── mime@1.3.4
156 silly currentTree ├── moment@2.17.1
156 silly currentTree ├── ms@0.7.1
156 silly currentTree ├── negotiator@0.6.1
156 silly currentTree ├── object-assign@4.1.0
156 silly currentTree ├── object-component@0.0.3
156 silly currentTree ├── on-finished@2.3.0
156 silly currentTree ├── options@0.0.6
156 silly currentTree ├── parsejson@0.0.3
156 silly currentTree ├── parseqs@0.0.5
156 silly currentTree ├── parseuri@0.0.5
156 silly currentTree ├── parseurl@1.3.1
156 silly currentTree ├── path-to-regexp@0.1.7
156 silly currentTree ├── proxy-addr@1.1.3
156 silly currentTree ├── qs@6.2.0
156 silly currentTree ├── range-parser@1.2.0
156 silly currentTree ├── requirejs@2.3.2
156 silly currentTree ├─┬ send@0.14.2
156 silly currentTree │ └── ms@0.7.2
156 silly currentTree ├── serve-static@1.11.2
156 silly currentTree ├── setprototypeof@1.0.2
156 silly currentTree ├─┬ socket.io-adapter@0.5.0
156 silly currentTree │ ├── debug@2.3.3
156 silly currentTree │ └── ms@0.7.2
156 silly currentTree ├─┬ socket.io-client@1.7.2
156 silly currentTree │ ├── component-emitter@1.2.1
156 silly currentTree │ ├── debug@2.3.3
156 silly currentTree │ └── ms@0.7.2
156 silly currentTree ├── socket.io-parser@2.3.1
156 silly currentTree ├─┬ socket.io@1.7.2
156 silly currentTree │ ├── debug@2.3.3
156 silly currentTree │ └── ms@0.7.2
156 silly currentTree ├── statuses@1.3.1
156 silly currentTree ├── to-array@0.1.4
156 silly currentTree ├── type-is@1.6.14
156 silly currentTree ├── ultron@1.0.2
156 silly currentTree ├── unpipe@1.0.0
156 silly currentTree ├── utils-merge@1.0.0
156 silly currentTree ├── vary@1.1.0
156 silly currentTree ├── wolfy87-eventemitter@4.3.0
156 silly currentTree ├── ws@1.1.1
156 silly currentTree ├── wtf-8@1.0.0
156 silly currentTree ├── xmlhttprequest-ssl@1.5.3
156 silly currentTree └── yeast@0.1.2
157 silly idealTree sojourner@2.1.0
157 silly idealTree ├── accepts@1.3.3
157 silly idealTree ├── after@0.8.2
157 silly idealTree ├── angular@1.6.2
157 silly idealTree ├── array-flatten@1.1.1
157 silly idealTree ├── arraybuffer.slice@0.0.6
157 silly idealTree ├── async@0.9.2
157 silly idealTree ├── backo2@1.0.2
157 silly idealTree ├── base64-arraybuffer@0.1.5
157 silly idealTree ├── base64id@1.0.0
157 silly idealTree ├── better-assert@1.0.2
157 silly idealTree ├── bindings@1.2.1
157 silly idealTree ├── blob@0.0.4
157 silly idealTree ├── bootstrap@3.3.7
157 silly idealTree ├── callsite@1.0.0
157 silly idealTree ├── chart.js@2.5.0
157 silly idealTree ├── chartjs-color-string@0.4.0
157 silly idealTree ├── chartjs-color@2.0.0
157 silly idealTree ├── color-convert@0.5.3
157 silly idealTree ├── color-name@1.1.1
157 silly idealTree ├── component-bind@1.0.0
157 silly idealTree ├── component-emitter@1.1.2
157 silly idealTree ├── component-inherit@0.0.3
157 silly idealTree ├── connect@3.5.0
157 silly idealTree ├── content-disposition@0.5.2
157 silly idealTree ├── content-type@1.0.2
157 silly idealTree ├── cookie-signature@1.0.6
157 silly idealTree ├── cookie@0.3.1
157 silly idealTree ├── debug@2.2.0
157 silly idealTree ├── depd@1.1.0
157 silly idealTree ├── destroy@1.0.4
157 silly idealTree ├── ee-first@1.1.1
157 silly idealTree ├── encodeurl@1.0.1
157 silly idealTree ├─┬ engine.io-client@1.8.2
157 silly idealTree │ ├── component-emitter@1.2.1
157 silly idealTree │ ├── debug@2.3.3
157 silly idealTree │ └── ms@0.7.2
157 silly idealTree ├── engine.io-parser@1.3.2
157 silly idealTree ├─┬ engine.io@1.8.2
157 silly idealTree │ ├── debug@2.3.3
157 silly idealTree │ └── ms@0.7.2
157 silly idealTree ├── escape-html@1.0.3
157 silly idealTree ├── etag@1.7.0
157 silly idealTree ├─┬ express@4.14.1
157 silly idealTree │ └── finalhandler@0.5.1
157 silly idealTree ├── finalhandler@0.5.0
157 silly idealTree ├── forwarded@0.1.0
157 silly idealTree ├── fresh@0.3.0
157 silly idealTree ├── has-binary@0.1.7
157 silly idealTree ├── has-cors@1.1.0
157 silly idealTree ├── http-errors@1.5.1
157 silly idealTree ├── indexof@0.0.1
157 silly idealTree ├── inherits@2.0.3
157 silly idealTree ├── ipaddr.js@1.2.0
157 silly idealTree ├── isarray@0.0.1
157 silly idealTree ├── jquery@1.12.4
157 silly idealTree ├── json3@3.3.2
157 silly idealTree ├── key-emit@0.0.4
157 silly idealTree ├── keypress@0.2.1
157 silly idealTree ├── media-typer@0.3.0
157 silly idealTree ├── merge-descriptors@1.0.1
157 silly idealTree ├── methods@1.1.2
157 silly idealTree ├── mime-db@1.26.0
157 silly idealTree ├── mime-types@2.1.14
157 silly idealTree ├── mime@1.3.4
157 silly idealTree ├── moment@2.17.1
157 silly idealTree ├── ms@0.7.1
157 silly idealTree ├── nan@2.4.0
157 silly idealTree ├── negotiator@0.6.1
157 silly idealTree ├── object-assign@4.1.0
157 silly idealTree ├── object-component@0.0.3
157 silly idealTree ├── on-finished@2.3.0
157 silly idealTree ├── options@0.0.6
157 silly idealTree ├── parsejson@0.0.3
157 silly idealTree ├── parseqs@0.0.5
157 silly idealTree ├── parseuri@0.0.5
157 silly idealTree ├── parseurl@1.3.1
157 silly idealTree ├── path-to-regexp@0.1.7
157 silly idealTree ├── pigpio@0.4.0
157 silly idealTree ├── proxy-addr@1.1.3
157 silly idealTree ├── qs@6.2.0
157 silly idealTree ├── range-parser@1.2.0
157 silly idealTree ├── requirejs@2.3.2
157 silly idealTree ├─┬ send@0.14.2
157 silly idealTree │ └── ms@0.7.2
157 silly idealTree ├── serve-static@1.11.2
157 silly idealTree ├── setprototypeof@1.0.2
157 silly idealTree ├─┬ socket.io-adapter@0.5.0
157 silly idealTree │ ├── debug@2.3.3
157 silly idealTree │ └── ms@0.7.2
157 silly idealTree ├─┬ socket.io-client@1.7.2
157 silly idealTree │ ├── component-emitter@1.2.1
157 silly idealTree │ ├── debug@2.3.3
157 silly idealTree │ └── ms@0.7.2
157 silly idealTree ├── socket.io-parser@2.3.1
157 silly idealTree ├─┬ socket.io@1.7.2
157 silly idealTree │ ├── debug@2.3.3
157 silly idealTree │ └── ms@0.7.2
157 silly idealTree ├── statuses@1.3.1
157 silly idealTree ├── to-array@0.1.4
157 silly idealTree ├── type-is@1.6.14
157 silly idealTree ├── ultron@1.0.2
157 silly idealTree ├── unpipe@1.0.0
157 silly idealTree ├── utils-merge@1.0.0
157 silly idealTree ├── vary@1.1.0
157 silly idealTree ├── wolfy87-eventemitter@4.3.0
157 silly idealTree ├── ws@1.1.1
157 silly idealTree ├── wtf-8@1.0.0
157 silly idealTree ├── xmlhttprequest-ssl@1.5.3
157 silly idealTree └── yeast@0.1.2
158 silly generateActionsToTake Starting
159 silly install generateActionsToTake
160 silly generateActionsToTake Finishing
161 silly diffTrees action count 3
162 silly diffTrees add bindings@1.2.1
163 silly diffTrees add nan@2.4.0
164 silly diffTrees add pigpio@0.4.0
165 silly decomposeActions action count 24
166 silly decomposeActions fetch bindings@1.2.1
167 silly decomposeActions extract bindings@1.2.1
168 silly decomposeActions test bindings@1.2.1
169 silly decomposeActions preinstall bindings@1.2.1
170 silly decomposeActions build bindings@1.2.1
171 silly decomposeActions install bindings@1.2.1
172 silly decomposeActions postinstall bindings@1.2.1
173 silly decomposeActions finalize bindings@1.2.1
174 silly decomposeActions fetch nan@2.4.0
175 silly decomposeActions extract nan@2.4.0
176 silly decomposeActions test nan@2.4.0
177 silly decomposeActions preinstall nan@2.4.0
178 silly decomposeActions build nan@2.4.0
179 silly decomposeActions install nan@2.4.0
180 silly decomposeActions postinstall nan@2.4.0
181 silly decomposeActions finalize nan@2.4.0
182 silly decomposeActions fetch pigpio@0.4.0
183 silly decomposeActions extract pigpio@0.4.0
184 silly decomposeActions test pigpio@0.4.0
185 silly decomposeActions preinstall pigpio@0.4.0
186 silly decomposeActions build pigpio@0.4.0
187 silly decomposeActions install pigpio@0.4.0
188 silly decomposeActions postinstall pigpio@0.4.0
189 silly decomposeActions finalize pigpio@0.4.0
190 silly runTopLevelLifecycles Starting
191 silly executeActions Starting
192 silly install executeActions
193 silly doSerial global-install 0
194 silly doParallel fetch 3
195 verbose correctMkdir /Users/Samantha/.npm/_locks correctMkdir not in flight; initializing
196 verbose lock using /Users/Samantha/.npm/_locks/staging-3ed628abf815c46b.lock for /Users/Samantha/sojourner/node_modules/.staging
197 silly doParallel extract 3
198 silly extract bindings@1.2.1
199 silly extract nan@2.4.0
200 silly extract pigpio@0.4.0
201 verbose unbuild node_modules/.staging/bindings-1ee82808
202 verbose unbuild node_modules/.staging/nan-27c87b5c
203 verbose unbuild node_modules/.staging/pigpio-499d00b3
204 silly gentlyRm /Users/Samantha/sojourner/node_modules/.staging/bindings-1ee82808 is being purged from base /Users/Samantha/sojourner
205 verbose gentlyRm don't care about contents; nuking /Users/Samantha/sojourner/node_modules/.staging/bindings-1ee82808
206 silly gentlyRm /Users/Samantha/sojourner/node_modules/.staging/nan-27c87b5c is being purged from base /Users/Samantha/sojourner
207 verbose gentlyRm don't care about contents; nuking /Users/Samantha/sojourner/node_modules/.staging/nan-27c87b5c
208 silly gentlyRm /Users/Samantha/sojourner/node_modules/.staging/pigpio-499d00b3 is being purged from base /Users/Samantha/sojourner
209 verbose gentlyRm don't care about contents; nuking /Users/Samantha/sojourner/node_modules/.staging/pigpio-499d00b3
210 verbose tar unpack /Users/Samantha/.npm/bindings/1.2.1/package.tgz
211 verbose tar unpacking to /Users/Samantha/sojourner/node_modules/.staging/bindings-1ee82808
212 silly gentlyRm /Users/Samantha/sojourner/node_modules/.staging/bindings-1ee82808 is being purged
213 verbose gentlyRm don't care about contents; nuking /Users/Samantha/sojourner/node_modules/.staging/bindings-1ee82808
214 verbose tar unpack /Users/Samantha/.npm/nan/2.4.0/package.tgz
215 verbose tar unpacking to /Users/Samantha/sojourner/node_modules/.staging/nan-27c87b5c
216 silly gentlyRm /Users/Samantha/sojourner/node_modules/.staging/nan-27c87b5c is being purged
217 verbose gentlyRm don't care about contents; nuking /Users/Samantha/sojourner/node_modules/.staging/nan-27c87b5c
218 verbose tar unpack /Users/Samantha/.npm/pigpio/0.4.0/package.tgz
219 verbose tar unpacking to /Users/Samantha/sojourner/node_modules/.staging/pigpio-499d00b3
220 silly gentlyRm /Users/Samantha/sojourner/node_modules/.staging/pigpio-499d00b3 is being purged
221 verbose gentlyRm don't care about contents; nuking /Users/Samantha/sojourner/node_modules/.staging/pigpio-499d00b3
222 silly gunzTarPerm modes [ '755', '644' ]
223 silly gunzTarPerm modes [ '755', '644' ]
224 silly gunzTarPerm modes [ '755', '644' ]
225 silly gunzTarPerm extractEntry package.json
226 silly gunzTarPerm extractEntry package.json
227 silly gunzTarPerm modified mode [ 'package.json', 436, 420 ]
228 silly gunzTarPerm extractEntry package.json
229 silly gunzTarPerm modified mode [ 'package.json', 436, 420 ]
230 silly gunzTarPerm extractEntry README.md
231 silly gunzTarPerm extractEntry bindings.js
232 silly gunzTarPerm extractEntry .npmignore
233 silly gunzTarPerm modified mode [ '.npmignore', 436, 420 ]
234 silly gunzTarPerm extractEntry README.md
235 silly gunzTarPerm modified mode [ 'README.md', 436, 420 ]
236 silly gunzTarPerm extractEntry README.md
237 silly gunzTarPerm modified mode [ 'README.md', 436, 420 ]
238 silly gunzTarPerm extractEntry include_dirs.js
239 silly gunzTarPerm modified mode [ 'include_dirs.js', 436, 420 ]
240 silly gunzTarPerm extractEntry nan_callbacks_pre_12_inl.h
241 silly gunzTarPerm modified mode [ 'nan_callbacks_pre_12_inl.h', 436, 420 ]
242 silly gunzTarPerm extractEntry CHANGELOG.md
243 silly gunzTarPerm modified mode [ 'CHANGELOG.md', 436, 420 ]
244 silly gunzTarPerm extractEntry LICENSE.md
245 silly gunzTarPerm modified mode [ 'LICENSE.md', 436, 420 ]
246 silly gunzTarPerm extractEntry LICENSE
247 silly gunzTarPerm modified mode [ 'LICENSE', 436, 420 ]
248 silly gunzTarPerm extractEntry pigpio.js
249 silly gunzTarPerm modified mode [ 'pigpio.js', 436, 420 ]
250 silly gunzTarPerm extractEntry doc/node_misc.md
251 silly gunzTarPerm modified mode [ 'doc/node_misc.md', 436, 420 ]
252 silly gunzTarPerm extractEntry History.md
253 silly gunzTarPerm modified mode [ 'History.md', 436, 420 ]
254 silly gunzTarPerm extractEntry doc/asyncworker.md
255 silly gunzTarPerm modified mode [ 'doc/asyncworker.md', 436, 420 ]
256 silly gunzTarPerm extractEntry doc/callback.md
257 silly gunzTarPerm modified mode [ 'doc/callback.md', 436, 420 ]
258 silly gunzTarPerm extractEntry example/alert.js
259 silly gunzTarPerm modified mode [ 'example/alert.js', 436, 420 ]
260 silly gunzTarPerm extractEntry example/blinky.js
261 silly gunzTarPerm modified mode [ 'example/blinky.js', 436, 420 ]
262 silly gunzTarPerm extractEntry doc/converters.md
263 silly gunzTarPerm modified mode [ 'doc/converters.md', 436, 420 ]
264 silly gunzTarPerm extractEntry doc/errors.md
265 silly gunzTarPerm modified mode [ 'doc/errors.md', 436, 420 ]
266 silly gunzTarPerm extractEntry example/distance-hc-sr04.js
267 silly gunzTarPerm modified mode [ 'example/distance-hc-sr04.js', 436, 420 ]
268 silly gunzTarPerm extractEntry example/gpio-info.js
269 silly gunzTarPerm modified mode [ 'example/gpio-info.js', 436, 420 ]
270 silly gunzTarPerm extractEntry doc/maybe_types.md
271 silly gunzTarPerm modified mode [ 'doc/maybe_types.md', 436, 420 ]
272 silly gunzTarPerm extractEntry doc/methods.md
273 silly gunzTarPerm modified mode [ 'doc/methods.md', 436, 420 ]
274 silly gunzTarPerm extractEntry example/light-switch.js
275 silly gunzTarPerm modified mode [ 'example/light-switch.js', 436, 420 ]
276 silly gunzTarPerm extractEntry example/pulse-led.js
277 silly gunzTarPerm modified mode [ 'example/pulse-led.js', 436, 420 ]
278 silly gunzTarPerm extractEntry doc/new.md
279 silly gunzTarPerm modified mode [ 'doc/new.md', 436, 420 ]
280 silly gentlyRm /Users/Samantha/sojourner/node_modules/.staging/bindings-1ee82808/node_modules is being purged
281 verbose gentlyRm don't care about contents; nuking /Users/Samantha/sojourner/node_modules/.staging/bindings-1ee82808/node_modules
282 silly gunzTarPerm extractEntry example/servo.js
283 silly gunzTarPerm modified mode [ 'example/servo.js', 436, 420 ]
284 silly gunzTarPerm extractEntry example/distance-hc-sr04.png
285 silly gunzTarPerm modified mode [ 'example/distance-hc-sr04.png', 436, 420 ]
286 silly gunzTarPerm extractEntry doc/buffers.md
287 silly gunzTarPerm modified mode [ 'doc/buffers.md', 436, 420 ]
288 silly gunzTarPerm extractEntry doc/object_wrappers.md
289 silly gunzTarPerm modified mode [ 'doc/object_wrappers.md', 436, 420 ]
290 silly gunzTarPerm extractEntry doc/persistent.md
291 silly gunzTarPerm modified mode [ 'doc/persistent.md', 436, 420 ]
292 silly gunzTarPerm extractEntry doc/scopes.md
293 silly gunzTarPerm modified mode [ 'doc/scopes.md', 436, 420 ]
294 silly gunzTarPerm extractEntry doc/script.md
295 silly gunzTarPerm modified mode [ 'doc/script.md', 436, 420 ]
296 silly gunzTarPerm extractEntry doc/string_bytes.md
297 silly gunzTarPerm modified mode [ 'doc/string_bytes.md', 436, 420 ]
298 silly gunzTarPerm extractEntry doc/v8_internals.md
299 silly gunzTarPerm modified mode [ 'doc/v8_internals.md', 436, 420 ]
300 silly gunzTarPerm extractEntry doc/v8_misc.md
301 silly gunzTarPerm modified mode [ 'doc/v8_misc.md', 436, 420 ]
302 silly gunzTarPerm extractEntry example/pigpio.png
303 silly gunzTarPerm modified mode [ 'example/pigpio.png', 436, 420 ]
304 silly gunzTarPerm extractEntry nan.h
305 silly gunzTarPerm modified mode [ 'nan.h', 436, 420 ]
306 silly gunzTarPerm extractEntry nan_callbacks.h
307 silly gunzTarPerm modified mode [ 'nan_callbacks.h', 436, 420 ]
308 silly gunzTarPerm extractEntry nan_callbacks_12_inl.h
309 silly gunzTarPerm modified mode [ 'nan_callbacks_12_inl.h', 436, 420 ]
310 silly gunzTarPerm extractEntry nan_converters.h
311 silly gunzTarPerm modified mode [ 'nan_converters.h', 436, 420 ]
312 silly gunzTarPerm extractEntry nan_converters_43_inl.h
313 silly gunzTarPerm modified mode [ 'nan_converters_43_inl.h', 436, 420 ]
314 silly gunzTarPerm extractEntry nan_converters_pre_43_inl.h
315 silly gunzTarPerm modified mode [ 'nan_converters_pre_43_inl.h', 436, 420 ]
316 silly gunzTarPerm extractEntry nan_implementation_12_inl.h
317 silly gunzTarPerm modified mode [ 'nan_implementation_12_inl.h', 436, 420 ]
318 silly gunzTarPerm extractEntry nan_implementation_pre_12_inl.h
319 silly gunzTarPerm modified mode [ 'nan_implementation_pre_12_inl.h', 436, 420 ]
320 silly gunzTarPerm extractEntry nan_maybe_43_inl.h
321 silly gunzTarPerm modified mode [ 'nan_maybe_43_inl.h', 436, 420 ]
322 silly gunzTarPerm extractEntry nan_maybe_pre_43_inl.h
323 silly gunzTarPerm modified mode [ 'nan_maybe_pre_43_inl.h', 436, 420 ]
324 silly gunzTarPerm extractEntry nan_new.h
325 silly gunzTarPerm modified mode [ 'nan_new.h', 436, 420 ]
326 silly gunzTarPerm extractEntry nan_object_wrap.h
327 silly gunzTarPerm modified mode [ 'nan_object_wrap.h', 436, 420 ]
328 silly gunzTarPerm extractEntry test/alert-pwm-measurement.js
329 silly gunzTarPerm modified mode [ 'test/alert-pwm-measurement.js', 436, 420 ]
330 silly gunzTarPerm extractEntry test/do-nothing.js
331 silly gunzTarPerm modified mode [ 'test/do-nothing.js', 436, 420 ]
332 silly gunzTarPerm extractEntry test/gpio-mode.js
333 silly gunzTarPerm modified mode [ 'test/gpio-mode.js', 436, 420 ]
334 silly gunzTarPerm extractEntry nan_persistent_12_inl.h
335 silly gunzTarPerm modified mode [ 'nan_persistent_12_inl.h', 436, 420 ]
336 silly gunzTarPerm extractEntry nan_persistent_pre_12_inl.h
337 silly gunzTarPerm modified mode [ 'nan_persistent_pre_12_inl.h', 436, 420 ]
338 silly gunzTarPerm extractEntry test/gpio-numbers.js
339 silly gunzTarPerm modified mode [ 'test/gpio-numbers.js', 436, 420 ]
340 silly gunzTarPerm extractEntry test/isr-enable-disable.js
341 silly gunzTarPerm modified mode [ 'test/isr-enable-disable.js', 436, 420 ]
342 silly gunzTarPerm extractEntry test/digital-write-performance.js
343 silly gunzTarPerm modified mode [ 'test/digital-write-performance.js', 436, 420 ]
344 silly gunzTarPerm extractEntry test/alert-trigger-pulse-measurement.js
345 silly gunzTarPerm modified mode [ 'test/alert-trigger-pulse-measurement.js', 436, 420 ]
346 silly gunzTarPerm extractEntry test/isr-timeouts-2.js
347 silly gunzTarPerm modified mode [ 'test/isr-timeouts-2.js', 436, 420 ]
348 silly gunzTarPerm extractEntry nan_string_bytes.h
349 silly gunzTarPerm modified mode [ 'nan_string_bytes.h', 436, 420 ]
350 silly gunzTarPerm extractEntry nan_typedarray_contents.h
351 silly gunzTarPerm modified mode [ 'nan_typedarray_contents.h', 436, 420 ]
352 silly gunzTarPerm extractEntry test/isr-timeouts.js
353 silly gunzTarPerm modified mode [ 'test/isr-timeouts.js', 436, 420 ]
354 silly gunzTarPerm extractEntry test/light-switch.js
355 silly gunzTarPerm modified mode [ 'test/light-switch.js', 436, 420 ]
356 silly gunzTarPerm extractEntry test/notifier-leak-check.js
357 silly gunzTarPerm modified mode [ 'test/notifier-leak-check.js', 436, 420 ]
358 silly gunzTarPerm extractEntry test/digital-read-performance.js
359 silly gunzTarPerm modified mode [ 'test/digital-read-performance.js', 436, 420 ]
360 silly gunzTarPerm extractEntry nan_weak.h
361 silly gunzTarPerm modified mode [ 'nan_weak.h', 436, 420 ]
362 silly gunzTarPerm extractEntry tools/package.json
363 silly gunzTarPerm modified mode [ 'tools/package.json', 436, 420 ]
364 silly gunzTarPerm extractEntry test/notifier-pwm.js
365 silly gunzTarPerm modified mode [ 'test/notifier-pwm.js', 436, 420 ]
366 silly gunzTarPerm extractEntry test/servo-control.js
367 silly gunzTarPerm modified mode [ 'test/servo-control.js', 436, 420 ]
368 silly gunzTarPerm extractEntry test/notifier-stress.js
369 silly gunzTarPerm modified mode [ 'test/notifier-stress.js', 436, 420 ]
370 silly gunzTarPerm extractEntry test/blinky.js
371 silly gunzTarPerm modified mode [ 'test/blinky.js', 436, 420 ]
372 silly gunzTarPerm extractEntry tools/README.md
373 silly gunzTarPerm modified mode [ 'tools/README.md', 436, 420 ]
374 silly gunzTarPerm extractEntry tools/1to2.js
375 silly gunzTarPerm modified mode [ 'tools/1to2.js', 509, 493 ]
376 silly gunzTarPerm extractEntry test/notifier.js
377 silly gunzTarPerm modified mode [ 'test/notifier.js', 436, 420 ]
378 silly gunzTarPerm extractEntry test/blinky-pwm.js
379 silly gunzTarPerm modified mode [ 'test/blinky-pwm.js', 436, 420 ]
380 silly gunzTarPerm extractEntry test/pull-up-down.js
381 silly gunzTarPerm modified mode [ 'test/pull-up-down.js', 436, 420 ]
382 silly gunzTarPerm extractEntry test/banked-leds.js
383 silly gunzTarPerm modified mode [ 'test/banked-leds.js', 436, 420 ]
384 silly gunzTarPerm extractEntry test/pulse-led.js
385 silly gunzTarPerm modified mode [ 'test/pulse-led.js', 436, 420 ]
386 silly gunzTarPerm extractEntry test/alert.js
387 silly gunzTarPerm modified mode [ 'test/alert.js', 436, 420 ]
388 silly gunzTarPerm extractEntry test/pwm.js
389 silly gunzTarPerm modified mode [ 'test/pwm.js', 436, 420 ]
390 silly gunzTarPerm extractEntry test/isr-multiple-sources.js
391 silly gunzTarPerm modified mode [ 'test/isr-multiple-sources.js', 436, 420 ]
392 silly gunzTarPerm extractEntry test/trigger-led.js
393 silly gunzTarPerm modified mode [ 'test/trigger-led.js', 436, 420 ]
394 silly gunzTarPerm extractEntry test/isr-performance.js
395 silly gunzTarPerm modified mode [ 'test/isr-performance.js', 436, 420 ]
396 silly gunzTarPerm extractEntry test/run-tests
397 silly gunzTarPerm modified mode [ 'test/run-tests', 509, 493 ]
398 silly gunzTarPerm extractEntry test/c-interface/blinky.js
399 silly gunzTarPerm modified mode [ 'test/c-interface/blinky.js', 436, 420 ]
400 silly gunzTarPerm extractEntry test/c-interface/do-nothing.js
401 silly gunzTarPerm modified mode [ 'test/c-interface/do-nothing.js', 436, 420 ]
402 silly gunzTarPerm extractEntry test/c-interface/gpio-write-performance.js
403 silly gunzTarPerm modified mode [ 'test/c-interface/gpio-write-performance.js', 436, 420 ]
404 silly gunzTarPerm extractEntry test/c-interface/irq-dynamic.js
405 silly gunzTarPerm modified mode [ 'test/c-interface/irq-dynamic.js', 436, 420 ]
406 silly gunzTarPerm extractEntry test/c-interface/irq-handle-2-inputs.js
407 silly gunzTarPerm modified mode [ 'test/c-interface/irq-handle-2-inputs.js', 436, 420 ]
408 silly gunzTarPerm extractEntry test/c-interface/irq-performance.js
409 silly gunzTarPerm modified mode [ 'test/c-interface/irq-performance.js', 436, 420 ]
410 silly gunzTarPerm extractEntry test/c-interface/irq-watch-unwatch.js
411 silly gunzTarPerm modified mode [ 'test/c-interface/irq-watch-unwatch.js', 436, 420 ]
412 silly gunzTarPerm extractEntry test/c-interface/light-switch.js
413 silly gunzTarPerm modified mode [ 'test/c-interface/light-switch.js', 436, 420 ]
414 silly gunzTarPerm extractEntry test/c-interface/pwm-pulse-10-leds.js
415 silly gunzTarPerm modified mode [ 'test/c-interface/pwm-pulse-10-leds.js', 436, 420 ]
416 silly gunzTarPerm extractEntry test/c-interface/run-tests
417 silly gunzTarPerm modified mode [ 'test/c-interface/run-tests', 509, 493 ]
418 silly gunzTarPerm extractEntry binding.gyp
419 silly gunzTarPerm modified mode [ 'binding.gyp', 436, 420 ]
420 silly gunzTarPerm extractEntry src/pigpio.cc
421 silly gunzTarPerm modified mode [ 'src/pigpio.cc', 436, 420 ]
422 silly gunzTarPerm extractEntry doc/configuration.md
423 silly gunzTarPerm modified mode [ 'doc/configuration.md', 436, 420 ]
424 silly gunzTarPerm extractEntry doc/gpio.md
425 silly gunzTarPerm modified mode [ 'doc/gpio.md', 436, 420 ]
426 silly gunzTarPerm extractEntry doc/gpiobank.md
427 silly gunzTarPerm modified mode [ 'doc/gpiobank.md', 436, 420 ]
428 silly gunzTarPerm extractEntry doc/notifier.md
429 silly gunzTarPerm modified mode [ 'doc/notifier.md', 436, 420 ]
430 silly gentlyRm /Users/Samantha/sojourner/node_modules/.staging/nan-27c87b5c/node_modules is being purged
431 verbose gentlyRm don't care about contents; nuking /Users/Samantha/sojourner/node_modules/.staging/nan-27c87b5c/node_modules
432 silly gentlyRm /Users/Samantha/sojourner/node_modules/.staging/pigpio-499d00b3/node_modules is being purged
433 verbose gentlyRm don't care about contents; nuking /Users/Samantha/sojourner/node_modules/.staging/pigpio-499d00b3/node_modules
434 silly doParallel preinstall 3
435 silly preinstall bindings@1.2.1
436 info lifecycle bindings@1.2.1~preinstall: bindings@1.2.1
437 silly preinstall nan@2.4.0
438 info lifecycle nan@2.4.0~preinstall: nan@2.4.0
439 silly preinstall pigpio@0.4.0
440 info lifecycle pigpio@0.4.0~preinstall: pigpio@0.4.0
441 silly lifecycle bindings@1.2.1~preinstall: no script for preinstall, continuing
442 silly lifecycle nan@2.4.0~preinstall: no script for preinstall, continuing
443 silly lifecycle pigpio@0.4.0~preinstall: no script for preinstall, continuing
444 silly doReverseSerial remove 0
445 silly doSerial move 0
446 silly doSerial finalize 3
447 silly finalize /Users/Samantha/sojourner/node_modules/bindings
448 silly finalize /Users/Samantha/sojourner/node_modules/nan
449 silly finalize /Users/Samantha/sojourner/node_modules/pigpio
450 silly doSerial build 3
451 silly build bindings@1.2.1
452 info linkStuff bindings@1.2.1
453 silly linkStuff bindings@1.2.1 has /Users/Samantha/sojourner/node_modules as its parent node_modules
454 verbose linkBins bindings@1.2.1
455 verbose linkMans bindings@1.2.1
456 silly build nan@2.4.0
457 info linkStuff nan@2.4.0
458 silly linkStuff nan@2.4.0 has /Users/Samantha/sojourner/node_modules as its parent node_modules
459 verbose linkBins nan@2.4.0
460 verbose linkMans nan@2.4.0
461 silly build pigpio@0.4.0
462 info linkStuff pigpio@0.4.0
463 silly linkStuff pigpio@0.4.0 has /Users/Samantha/sojourner/node_modules as its parent node_modules
464 verbose linkBins pigpio@0.4.0
465 verbose linkMans pigpio@0.4.0
466 silly doSerial global-link 0
467 silly doParallel update-linked 0
468 silly doSerial install 3
469 silly install bindings@1.2.1
470 info lifecycle bindings@1.2.1~install: bindings@1.2.1
471 silly lifecycle bindings@1.2.1~install: no script for install, continuing
472 silly install nan@2.4.0
473 info lifecycle nan@2.4.0~install: nan@2.4.0
474 silly lifecycle nan@2.4.0~install: no script for install, continuing
475 silly install pigpio@0.4.0
476 info lifecycle pigpio@0.4.0~install: pigpio@0.4.0
477 verbose lifecycle pigpio@0.4.0~install: unsafe-perm in lifecycle true
478 verbose lifecycle pigpio@0.4.0~install: PATH: /Users/Samantha/.nvm/versions/node/v6.9.5/lib/node_modules/npm/bin/node-gyp-bin:/Users/Samantha/sojourner/node_modules/pigpio/node_modules/.bin:/Users/Samantha/sojourner/node_modules/.bin:/Users/Samantha/.nvm/versions/node/v6.9.5/bin:/Library/Frameworks/Python.framework/Versions/2.7/bin:/Library/Frameworks/Python.framework/Versions/3.5/bin:/usr/local/bin:/usr/bin:/bin:/usr/sbin:/sbin:/usr/local/share/dotnet:/usr/local/MacGPG2/bin:/Library/Frameworks/Mono.framework/Versions/Current/Commands:/Library/TeX/texbin
479 verbose lifecycle pigpio@0.4.0~install: CWD: /Users/Samantha/sojourner/node_modules/pigpio
480 silly lifecycle pigpio@0.4.0~install: Args: [ '-c', 'node-gyp rebuild' ]
481 silly lifecycle pigpio@0.4.0~install: Returned: code: 1  signal: null
482 info lifecycle pigpio@0.4.0~install: Failed to exec install script
483 verbose unlock done using /Users/Samantha/.npm/_locks/staging-3ed628abf815c46b.lock for /Users/Samantha/sojourner/node_modules/.staging
484 silly rollbackFailedOptional Starting
485 silly gentlyRm /Users/Samantha/sojourner/node_modules/bindings is being purged from base /Users/Samantha/sojourner
486 verbose gentlyRm don't care about contents; nuking /Users/Samantha/sojourner/node_modules/bindings
487 silly gentlyRm /Users/Samantha/sojourner/node_modules/bindings is being purged from base /Users/Samantha/sojourner
488 verbose gentlyRm don't care about contents; nuking /Users/Samantha/sojourner/node_modules/bindings
489 silly gentlyRm /Users/Samantha/sojourner/node_modules/bindings is being purged from base /Users/Samantha/sojourner
490 verbose gentlyRm don't care about contents; nuking /Users/Samantha/sojourner/node_modules/bindings
491 silly gentlyRm /Users/Samantha/sojourner/node_modules/bindings is being purged from base /Users/Samantha/sojourner
492 verbose gentlyRm don't care about contents; nuking /Users/Samantha/sojourner/node_modules/bindings
493 silly gentlyRm /Users/Samantha/sojourner/node_modules/bindings is being purged from base /Users/Samantha/sojourner
494 verbose gentlyRm don't care about contents; nuking /Users/Samantha/sojourner/node_modules/bindings
495 silly gentlyRm /Users/Samantha/sojourner/node_modules/bindings is being purged from base /Users/Samantha/sojourner
496 verbose gentlyRm don't care about contents; nuking /Users/Samantha/sojourner/node_modules/bindings
497 silly gentlyRm /Users/Samantha/sojourner/node_modules/bindings is being purged from base /Users/Samantha/sojourner
498 verbose gentlyRm don't care about contents; nuking /Users/Samantha/sojourner/node_modules/bindings
499 silly gentlyRm /Users/Samantha/sojourner/node_modules/bindings is being purged from base /Users/Samantha/sojourner
500 verbose gentlyRm don't care about contents; nuking /Users/Samantha/sojourner/node_modules/bindings
501 silly gentlyRm /Users/Samantha/sojourner/node_modules/nan is being purged from base /Users/Samantha/sojourner
502 verbose gentlyRm don't care about contents; nuking /Users/Samantha/sojourner/node_modules/nan
503 silly gentlyRm /Users/Samantha/sojourner/node_modules/nan is being purged from base /Users/Samantha/sojourner
504 verbose gentlyRm don't care about contents; nuking /Users/Samantha/sojourner/node_modules/nan
505 silly gentlyRm /Users/Samantha/sojourner/node_modules/nan is being purged from base /Users/Samantha/sojourner
506 verbose gentlyRm don't care about contents; nuking /Users/Samantha/sojourner/node_modules/nan
507 silly gentlyRm /Users/Samantha/sojourner/node_modules/nan is being purged from base /Users/Samantha/sojourner
508 verbose gentlyRm don't care about contents; nuking /Users/Samantha/sojourner/node_modules/nan
509 silly gentlyRm /Users/Samantha/sojourner/node_modules/nan is being purged from base /Users/Samantha/sojourner
510 verbose gentlyRm don't care about contents; nuking /Users/Samantha/sojourner/node_modules/nan
511 silly gentlyRm /Users/Samantha/sojourner/node_modules/nan is being purged from base /Users/Samantha/sojourner
512 verbose gentlyRm don't care about contents; nuking /Users/Samantha/sojourner/node_modules/nan
513 silly gentlyRm /Users/Samantha/sojourner/node_modules/nan is being purged from base /Users/Samantha/sojourner
514 verbose gentlyRm don't care about contents; nuking /Users/Samantha/sojourner/node_modules/nan
515 silly gentlyRm /Users/Samantha/sojourner/node_modules/nan is being purged from base /Users/Samantha/sojourner
516 verbose gentlyRm don't care about contents; nuking /Users/Samantha/sojourner/node_modules/nan
517 silly gentlyRm /Users/Samantha/sojourner/node_modules/pigpio is being purged from base /Users/Samantha/sojourner
518 verbose gentlyRm don't care about contents; nuking /Users/Samantha/sojourner/node_modules/pigpio
519 silly gentlyRm /Users/Samantha/sojourner/node_modules/pigpio is being purged from base /Users/Samantha/sojourner
520 verbose gentlyRm don't care about contents; nuking /Users/Samantha/sojourner/node_modules/pigpio
521 silly gentlyRm /Users/Samantha/sojourner/node_modules/pigpio is being purged from base /Users/Samantha/sojourner
522 verbose gentlyRm don't care about contents; nuking /Users/Samantha/sojourner/node_modules/pigpio
523 silly gentlyRm /Users/Samantha/sojourner/node_modules/pigpio is being purged from base /Users/Samantha/sojourner
524 verbose gentlyRm don't care about contents; nuking /Users/Samantha/sojourner/node_modules/pigpio
525 silly gentlyRm /Users/Samantha/sojourner/node_modules/pigpio is being purged from base /Users/Samantha/sojourner
526 verbose gentlyRm don't care about contents; nuking /Users/Samantha/sojourner/node_modules/pigpio
527 silly gentlyRm /Users/Samantha/sojourner/node_modules/pigpio is being purged from base /Users/Samantha/sojourner
528 verbose gentlyRm don't care about contents; nuking /Users/Samantha/sojourner/node_modules/pigpio
529 silly gentlyRm /Users/Samantha/sojourner/node_modules/pigpio is being purged from base /Users/Samantha/sojourner
530 verbose gentlyRm don't care about contents; nuking /Users/Samantha/sojourner/node_modules/pigpio
531 silly gentlyRm /Users/Samantha/sojourner/node_modules/pigpio is being purged from base /Users/Samantha/sojourner
532 verbose gentlyRm don't care about contents; nuking /Users/Samantha/sojourner/node_modules/pigpio
533 silly vacuum-fs purging /Users/Samantha/sojourner/node_modules/bindings
534 silly vacuum-fs purging /Users/Samantha/sojourner/node_modules/bindings
535 silly vacuum-fs purging /Users/Samantha/sojourner/node_modules/bindings
536 silly vacuum-fs purging /Users/Samantha/sojourner/node_modules/bindings
537 silly vacuum-fs purging /Users/Samantha/sojourner/node_modules/bindings
538 silly vacuum-fs purging /Users/Samantha/sojourner/node_modules/bindings
539 silly vacuum-fs purging /Users/Samantha/sojourner/node_modules/bindings
540 silly vacuum-fs purging /Users/Samantha/sojourner/node_modules/bindings
541 silly vacuum-fs purging /Users/Samantha/sojourner/node_modules/nan
542 silly vacuum-fs purging /Users/Samantha/sojourner/node_modules/nan
543 silly vacuum-fs purging /Users/Samantha/sojourner/node_modules/nan
544 silly vacuum-fs purging /Users/Samantha/sojourner/node_modules/nan
545 silly vacuum-fs purging /Users/Samantha/sojourner/node_modules/nan
546 silly vacuum-fs purging /Users/Samantha/sojourner/node_modules/nan
547 silly vacuum-fs purging /Users/Samantha/sojourner/node_modules/nan
548 silly vacuum-fs purging /Users/Samantha/sojourner/node_modules/nan
549 silly vacuum-fs purging /Users/Samantha/sojourner/node_modules/pigpio
550 silly vacuum-fs purging /Users/Samantha/sojourner/node_modules/pigpio
551 silly vacuum-fs purging /Users/Samantha/sojourner/node_modules/pigpio
552 silly vacuum-fs purging /Users/Samantha/sojourner/node_modules/pigpio
553 silly vacuum-fs purging /Users/Samantha/sojourner/node_modules/pigpio
554 silly vacuum-fs purging /Users/Samantha/sojourner/node_modules/pigpio
555 silly vacuum-fs purging /Users/Samantha/sojourner/node_modules/pigpio
556 silly vacuum-fs purging /Users/Samantha/sojourner/node_modules/pigpio
557 silly vacuum-fs quitting because other entries in /Users/Samantha/sojourner/node_modules
558 silly vacuum-fs quitting because other entries in /Users/Samantha/sojourner/node_modules
559 silly vacuum-fs quitting because other entries in /Users/Samantha/sojourner/node_modules
560 silly vacuum-fs quitting because other entries in /Users/Samantha/sojourner/node_modules
561 silly vacuum-fs quitting because other entries in /Users/Samantha/sojourner/node_modules
562 silly vacuum-fs quitting because other entries in /Users/Samantha/sojourner/node_modules
563 silly vacuum-fs quitting because other entries in /Users/Samantha/sojourner/node_modules
564 silly vacuum-fs quitting because other entries in /Users/Samantha/sojourner/node_modules
565 silly vacuum-fs quitting because other entries in /Users/Samantha/sojourner/node_modules
566 silly vacuum-fs quitting because other entries in /Users/Samantha/sojourner/node_modules
567 silly vacuum-fs quitting because other entries in /Users/Samantha/sojourner/node_modules
568 silly vacuum-fs quitting because other entries in /Users/Samantha/sojourner/node_modules
569 silly vacuum-fs quitting because other entries in /Users/Samantha/sojourner/node_modules
570 silly vacuum-fs quitting because other entries in /Users/Samantha/sojourner/node_modules
571 silly vacuum-fs quitting because other entries in /Users/Samantha/sojourner/node_modules
572 silly vacuum-fs quitting because other entries in /Users/Samantha/sojourner/node_modules
573 silly vacuum-fs quitting because other entries in /Users/Samantha/sojourner/node_modules
574 silly vacuum-fs quitting because other entries in /Users/Samantha/sojourner/node_modules
575 silly vacuum-fs quitting because other entries in /Users/Samantha/sojourner/node_modules
576 silly vacuum-fs quitting because other entries in /Users/Samantha/sojourner/node_modules
577 silly vacuum-fs quitting because other entries in /Users/Samantha/sojourner/node_modules
578 silly vacuum-fs quitting because other entries in /Users/Samantha/sojourner/node_modules
579 silly vacuum-fs quitting because other entries in /Users/Samantha/sojourner/node_modules
580 silly vacuum-fs quitting because other entries in /Users/Samantha/sojourner/node_modules
581 silly rollbackFailedOptional Finishing
582 silly runTopLevelLifecycles Finishing
583 silly install printInstalled
584 verbose stack Error: pigpio@0.4.0 install: `node-gyp rebuild`
584 verbose stack Exit status 1
584 verbose stack     at EventEmitter.<anonymous> (/Users/Samantha/.nvm/versions/node/v6.9.5/lib/node_modules/npm/lib/utils/lifecycle.js:279:16)
584 verbose stack     at emitTwo (events.js:106:13)
584 verbose stack     at EventEmitter.emit (events.js:191:7)
584 verbose stack     at ChildProcess.<anonymous> (/Users/Samantha/.nvm/versions/node/v6.9.5/lib/node_modules/npm/lib/utils/spawn.js:40:14)
584 verbose stack     at emitTwo (events.js:106:13)
584 verbose stack     at ChildProcess.emit (events.js:191:7)
584 verbose stack     at maybeClose (internal/child_process.js:877:16)
584 verbose stack     at Process.ChildProcess._handle.onexit (internal/child_process.js:226:5)
585 verbose pkgid pigpio@0.4.0
586 verbose cwd /Users/Samantha/sojourner
587 error Darwin 16.4.0
588 error argv "/Users/Samantha/.nvm/versions/node/v6.9.5/bin/node" "/Users/Samantha/.nvm/versions/node/v6.9.5/bin/npm" "install" "pigpio" "--save"
589 error node v6.9.5
590 error npm  v4.1.2
591 error code ELIFECYCLE
592 error pigpio@0.4.0 install: `node-gyp rebuild`
592 error Exit status 1
593 error Failed at the pigpio@0.4.0 install script 'node-gyp rebuild'.
593 error Make sure you have the latest version of node.js and npm installed.
593 error If you do, this is most likely a problem with the pigpio package,
593 error not with npm itself.
593 error Tell the author that this fails on your system:
593 error     node-gyp rebuild
593 error You can get information on how to open an issue for this project with:
593 error     npm bugs pigpio
593 error Or if that isn't available, you can get their info via:
593 error     npm owner ls pigpio
593 error There is likely additional logging output above.
594 verbose exit [ 1, true ]
